<?xml version="1.0" encoding="UTF-8"?>
<!-- Generated by org.testng.reporters.JUnitXMLReporter -->
<testsuite hostname="mpatil" ignored="0" name="Change Password Test" tests="6" failures="0" timestamp="18 May 2020 10:59:21 GMT" time="353.08" errors="0">
  <testcase name="verifyPasswordLabelTest" time="0.057" classname="com.product.qa.testcases.ChangePasswordTest"/>
  <testcase name="verifyChangePasswordTest" time="0.474" classname="com.product.qa.testcases.ChangePasswordTest"/>
  <testcase name="VerifyChangePasswordTextTest" time="2.547" classname="com.product.qa.testcases.ChangePasswordTest"/>
  <testcase name="verifyPleaseEnterValidPasswordtextTest" time="2.085" classname="com.product.qa.testcases.ChangePasswordTest"/>
  <testcase name="verifyPleaseReEnterPasswordTextTest" time="2.959" classname="com.product.qa.testcases.ChangePasswordTest"/>
  <testcase name="verifyPasswordMisMatchTextTest" time="0.771" classname="com.product.qa.testcases.ChangePasswordTest"/>
</testsuite> <!-- Change Password Test -->
