<?xml version="1.0" encoding="UTF-8"?>
<!-- Generated by org.testng.reporters.JUnitXMLReporter -->
<testsuite hostname="mpatil" ignored="0" name="Courses Page Test" tests="13" failures="0" timestamp="18 May 2020 11:36:29 GMT" time="823.156" errors="0">
  <testcase name="VerifyCoursesPageFilterLinksTest" time="9.076" classname="com.product.qa.testcases.CoursesPageTest"/>
  <testcase name="VerifyCoursesPageLabelTest" time="8.248" classname="com.product.qa.testcases.CoursesPageTest"/>
  <testcase name="VerifyCoursesSessionTest" time="20.052" classname="com.product.qa.testcases.CoursesPageTest"/>
  <testcase name="VerifyCoursesSessionTest" time="24.927" classname="com.product.qa.testcases.CoursesPageTest"/>
  <testcase name="VerifyCoursesSessionTest" time="21.987" classname="com.product.qa.testcases.CoursesPageTest"/>
  <testcase name="VerifyCoursesSessionTest" time="20.526" classname="com.product.qa.testcases.CoursesPageTest"/>
  <testcase name="VerifyCoursesSessionTest" time="22.161" classname="com.product.qa.testcases.CoursesPageTest"/>
  <testcase name="VerifyCoursesSessionTest" time="28.578" classname="com.product.qa.testcases.CoursesPageTest"/>
  <testcase name="VerifyCoursesSessionTest" time="21.016" classname="com.product.qa.testcases.CoursesPageTest"/>
  <testcase name="VerifyCoursesSessionTest" time="18.379" classname="com.product.qa.testcases.CoursesPageTest"/>
  <testcase name="VerifyCoursesSessionTest" time="21.686" classname="com.product.qa.testcases.CoursesPageTest"/>
  <testcase name="VerifyCoursesSessionTest" time="24.117" classname="com.product.qa.testcases.CoursesPageTest"/>
  <testcase name="VerifyCoursesSessionTest" time="24.205" classname="com.product.qa.testcases.CoursesPageTest"/>
</testsuite> <!-- Courses Page Test -->
