<?xml version="1.0" encoding="UTF-8"?>
<!-- Generated by org.testng.reporters.JUnitXMLReporter -->
<testsuite hostname="mpatil" ignored="0" name="Event Page Test" tests="2" failures="0" timestamp="18 May 2020 10:53:28 GMT" time="226.516" errors="0">
  <testcase name="VerifyEventTest" time="80.045" classname="com.product.qa.testcases.EventsPageTest"/>
  <testcase name="VerifyEventPageFilterLinksTest" time="40.035" classname="com.product.qa.testcases.EventsPageTest"/>
</testsuite> <!-- Event Page Test -->
