<?xml version="1.0" encoding="UTF-8"?>
<!-- Generated by org.testng.reporters.JUnitXMLReporter -->
<testsuite hostname="mpatil" ignored="0" name="Feedback Test" tests="5" failures="0" timestamp="18 May 2020 11:08:37 GMT" time="230.355" errors="0">
  <testcase name="FeedbackLabelTest" time="0.04" classname="com.product.qa.testcases.FeedbackTest"/>
  <testcase name="cancelButtonTest" time="0.178" classname="com.product.qa.testcases.FeedbackTest"/>
  <testcase name="submitFeedbackWith500CharecterTest" time="9.291" classname="com.product.qa.testcases.FeedbackTest"/>
  <testcase name="submitFeedbackWith501CharecterTest" time="8.536" classname="com.product.qa.testcases.FeedbackTest"/>
  <testcase name="CharecterLimitTest" time="0.235" classname="com.product.qa.testcases.FeedbackTest"/>
</testsuite> <!-- Feedback Test -->
