<?xml version="1.0" encoding="UTF-8"?>
<!-- Generated by org.testng.reporters.JUnitXMLReporter -->
<testsuite hostname="mpatil" ignored="0" name="Home Test" tests="3" failures="0" timestamp="14 May 2020 13:43:52 GMT" time="96.045" errors="0">
  <testcase name="VerifyHomePageTitleTest" time="7.013" classname="com.product.qa.testcases.HomePageTest"/>
  <testcase name="VerifyMzLogotest" time="5.047" classname="com.product.qa.testcases.HomePageTest"/>
  <testcase name="VerifyCoursesLinkTest" time="0.085" classname="com.product.qa.testcases.HomePageTest"/>
</testsuite> <!-- Home Test -->
