<?xml version="1.0" encoding="UTF-8"?>
<!-- Generated by org.testng.reporters.JUnitXMLReporter -->
<testsuite hostname="mpatil" ignored="1" name="Login Test" tests="3" failures="0" timestamp="18 May 2020 11:10:39 GMT" time="122.192" errors="0">
  <testcase name="LoginPageTitletest" time="5.015" classname="com.product.qa.testcases.LoginTest"/>
  <testcase name="MzLogoImagetest" time="5.081" classname="com.product.qa.testcases.LoginTest"/>
  <testcase name="ValidateLogin" time="9.678" classname="com.product.qa.testcases.LoginTest"/>
  <testcase name="ValidateForgotPassword" time="0.0" classname="com.product.qa.testcases.LoginTest">
    <ignored/>
  </testcase> <!-- ValidateForgotPassword -->
</testsuite> <!-- Login Test -->
